C51 COMPILER V9.00   AD_READ                                                               01/18/2018 10:40:17 PAGE 1   


C51 COMPILER V9.00, COMPILATION OF MODULE AD_READ
OBJECT MODULE PLACED IN .\ad-read.obj
COMPILER INVOKED BY: D:\keil4\C51\BIN\C51.EXE ..\user\ad-read.c BROWSE DEBUG OBJECTEXTEND PRINT(.\ad-read.lst) OBJECT(.\
                    -ad-read.obj)

line level    source

   1          #include "ad-read.h"
   2          /*double myRead()
   3          {
   4                  int V1;
   5                  double V;
   6                  //float om;
   7                  int i;
   8                  for(i=0;i<2;i++)
   9                  {
  10                   V1=ad2543work(0);
  11                  }
  12                   //V=V1*((double)(5/4096.));
  13                   
  14                   //om=((R1*R6*5-(R1+R2)*R5*V)*R3)/((R1+R2)*R6*5-5*R1*R6+(R1+R2)*R5*V);
  15                   return V1;
  16          } */
  17          /*******************************实现延时************************************/
  18          
  19          void mdelay(uint T) //实现延时
  20          
  21          {
  22   1      
  23   1      uint j;
  24   1      
  25   1      for(j=0;j<T;j++);
  26   1      
  27   1      }
  28          
  29          /***************************TLC1543驱动部分*********************************/
  30          
  31          uint read1543(uchar addr)
  32          
  33          {
  34   1      
  35   1      uint Data_Out=0;
  36   1      
  37   1      uchar k;
  38   1      
  39   1      uchar i;
  40   1      
  41   1      uchar j;
  42   1      
  43   1      CLK=0;
  44   1      
  45   1      CS=0;
  46   1      
  47   1      for (i=0;i<4;i++)
  48   1      
  49   1      {
  50   2      
  51   2      DIN=(bit)(addr&0x08);
  52   2      
  53   2      CLK=1;
  54   2      
C51 COMPILER V9.00   AD_READ                                                               01/18/2018 10:40:17 PAGE 2   

  55   2      CLK=0;
  56   2      
  57   2      addr<<=1;
  58   2      
  59   2      }
  60   1      
  61   1      for (j=0;j<6;j++) //填充6 个CLOCK
  62   1      
  63   1      {
  64   2      
  65   2      CLK=1;
  66   2      
  67   2      CLK=0;
  68   2      
  69   2      }
  70   1      
  71   1      CS=1;
  72   1      
  73   1      mdelay(25);
  74   1      
  75   1      CS=0; //等待AD 转换
  76   1      
  77   1      mdelay(25);
  78   1      
  79   1      for(k=0;k<10;k++)
  80   1      
  81   1      {
  82   2      
  83   2      SD0 = 1;
  84   2      
  85   2      CLK = 0;
  86   2      
  87   2      Data_Out<<=1;
  88   2      
  89   2      if(SD0)
  90   2      
  91   2      {
  92   3      
  93   3      Data_Out += 1;
  94   3      
  95   3      }
  96   2      
  97   2      CLK = 1;
  98   2      
  99   2      }
 100   1      
 101   1      return(Data_Out);
 102   1      
 103   1      }
 104          
 105           


MODULE INFORMATION:   STATIC OVERLAYABLE
   CODE SIZE        =     98    ----
   CONSTANT SIZE    =   ----    ----
   XDATA SIZE       =   ----    ----
   PDATA SIZE       =   ----    ----
   DATA SIZE        =   ----    ----
   IDATA SIZE       =   ----    ----
   BIT SIZE         =   ----    ----
END OF MODULE INFORMATION.

C51 COMPILER V9.00   AD_READ                                                               01/18/2018 10:40:17 PAGE 3   


C51 COMPILATION COMPLETE.  0 WARNING(S),  0 ERROR(S)
