C51 COMPILER V9.00   MAIN                                                                  01/18/2018 12:43:43 PAGE 1   


C51 COMPILER V9.00, COMPILATION OF MODULE MAIN
OBJECT MODULE PLACED IN .\main.obj
COMPILER INVOKED BY: D:\keil4\C51\BIN\C51.EXE ..\user_bsp\main.c BROWSE DEBUG OBJECTEXTEND PRINT(.\main.lst) OBJECT(.\ma
                    -in.obj)

line level    source

   1          
   2          #include "LCD1602.h"
   3          #include "ad-read.h"
   4          #include "warning.h"
   5          
   6          BYTE code dis1 []={"Temperature"};
   7          
   8          main()
   9          {
  10   1              BYTE i;
  11   1              int ad;
  12   1              double temp_f,V;
  13   1              biz_init();
  14   1              lcd_init();     
  15   1              delay (10);     
  16   1              while(1)
  17   1              {
  18   2                      lcd_wcmd (0x01);   //清屏
  19   2                      lcd_pos (0);       //第一行输出temperature
  20   2               i=0;
  21   2              while (dis1 [i]!='\0')
  22   2         {
  23   3           lcd_wdat (dis1 [i]);
  24   3               delay(1);
  25   3           i++;       
  26   3         } 
  27   2                      ad=read1543(0x00);
  28   2                      V=ad*4.96/1024.0;
  29   2                      temp_f=640.5*V-80.62+65;//640.5*V-80.62为仿真出的线性拟合值，65为实际修正值相当于实际温度加6.5
  30   2                      Out(temp_f);//输出第二行测量温度值
  31   2                      Check(temp_f/10);//超温报警功能 
  32   2                      delay(200);//200ms延时
  33   2              }
  34   1      }


MODULE INFORMATION:   STATIC OVERLAYABLE
   CODE SIZE        =    173    ----
   CONSTANT SIZE    =     12    ----
   XDATA SIZE       =   ----    ----
   PDATA SIZE       =   ----    ----
   DATA SIZE        =   ----      11
   IDATA SIZE       =   ----    ----
   BIT SIZE         =   ----    ----
END OF MODULE INFORMATION.


C51 COMPILATION COMPLETE.  0 WARNING(S),  0 ERROR(S)
