C51 COMPILER V9.00   WARNING                                                               01/18/2018 10:40:18 PAGE 1   


C51 COMPILER V9.00, COMPILATION OF MODULE WARNING
OBJECT MODULE PLACED IN .\warning.obj
COMPILER INVOKED BY: D:\keil4\C51\BIN\C51.EXE ..\user\warning.c BROWSE DEBUG OBJECTEXTEND PRINT(.\warning.lst) OBJECT(.\
                    -warning.obj)

line level    source

   1          #include "warning.h"
   2          
   3          
   4          void Check(int temp)
   5          {
   6   1              if(temp>=highest_temp)
   7   1              {
   8   2                 ET0=1;
   9   2                 TR0=1;
  10   2              }
  11   1              else
  12   1              {
  13   2                ET0=0;
  14   2                 TR0=0;
  15   2              }
  16   1      }
  17          void biz_init()
  18          {
  19   1              TMOD=0x00;
  20   1              TH0=225;
  21   1              TL0=24;//1ms一次中断
  22   1              EA=1;
  23   1      }
  24          void T0_time() interrupt 1
  25          {               
  26   1              TH0=225;
  27   1              TL0=24;//重装初值
  28   1              buz=~buz;       
  29   1      }


MODULE INFORMATION:   STATIC OVERLAYABLE
   CODE SIZE        =     42    ----
   CONSTANT SIZE    =   ----    ----
   XDATA SIZE       =   ----    ----
   PDATA SIZE       =   ----    ----
   DATA SIZE        =   ----    ----
   IDATA SIZE       =   ----    ----
   BIT SIZE         =   ----    ----
END OF MODULE INFORMATION.


C51 COMPILATION COMPLETE.  0 WARNING(S),  0 ERROR(S)
